<?xml version="1.0" encoding="UTF-8" ?>
<testsuite tests="1" failures="0" name="de.tud.cib.bimsage.icdd.configuration.ICDDBuilderTest" time="0" errors="0" skipped="0">
  <properties>
    <property name="idea.version" value="2021.3.2"/>
    <property name="java.runtime.name" value="OpenJDK Runtime Environment"/>
    <property name="sun.boot.library.path" value="C:\Program Files (x86)\OpenJDK\jdk-8.0.262.10-hotspot\jre\bin"/>
    <property name="java.vm.version" value="25.71-b10"/>
    <property name="java.vm.vendor" value="Oracle Corporation"/>
    <property name="maven.multiModuleProjectDirectory" value="D:\Arbeit\BIMsage\BIMsage"/>
    <property name="java.vendor.url" value="http://java.oracle.com/"/>
    <property name="path.separator" value=";"/>
    <property name="guice.disable.misplaced.annotation.check" value="true"/>
    <property name="java.vm.name" value="OpenJDK Server VM"/>
    <property name="file.encoding.pkg" value="sun.io"/>
    <property name="user.script" value=""/>
    <property name="user.country" value="DE"/>
    <property name="sun.java.launcher" value="SUN_STANDARD"/>
    <property name="sun.os.patch.level" value=""/>
    <property name="java.vm.specification.name" value="Java Virtual Machine Specification"/>
    <property name="user.dir" value="D:\Arbeit\BIMsage\BIMsage"/>
    <property name="java.runtime.version" value="1.8.0-262-b10"/>
    <property name="java.awt.graphicsenv" value="sun.awt.Win32GraphicsEnvironment"/>
    <property name="java.endorsed.dirs" value="C:\Program Files (x86)\OpenJDK\jdk-8.0.262.10-hotspot\jre\lib\endorsed"/>
    <property name="os.arch" value="x86"/>
    <property name="java.io.tmpdir" value="C:\Users\alhak\AppData\Local\Temp\"/>
    <property name="line.separator" value="
"/>
    <property name="java.vm.specification.vendor" value="Oracle Corporation"/>
    <property name="user.variant" value=""/>
    <property name="os.name" value="Windows 10"/>
    <property name="maven.ext.class.path" value="C:\Program Files\JetBrains\IntelliJ IDEA Community Edition 2021.3.2\plugins\maven\lib\maven-event-listener.jar"/>
    <property name="classworlds.conf" value="C:\Program Files\JetBrains\IntelliJ IDEA Community Edition 2021.3.2\plugins\maven\lib\maven3\bin\m2.conf"/>
    <property name="sun.jnu.encoding" value="Cp1252"/>
    <property name="java.library.path" value="C:\Program Files (x86)\OpenJDK\jdk-8.0.262.10-hotspot\bin;C:\WINDOWS\Sun\Java\bin;C:\WINDOWS\system32;C:\WINDOWS;C:\Program Files (x86)\OpenJDK\jdk-8.0.262.10-hotspot\bin;C:\Program Files\OpenJDK\jdk-11.0.8.10-hotspot\bin;C:\Program Files\Common Files\Oracle\Java\javapath;C:\Maven\apache-maven-3.6.3-bin\apache-maven-3.6.3\bin;C:\Program Files\OpenJDK\jdk-11.0.8.10-hotspot\\bin;C:\WINDOWS\system32;C:\WINDOWS;C:\WINDOWS\System32\Wbem;C:\WINDOWS\System32\WindowsPowerShell\v1.0\;C:\WINDOWS\System32\OpenSSH\;C:\Program Files (x86)\Intel\Intel(R) Management Engine Components\DAL;C:\Program Files\Intel\Intel(R) Management Engine Components\DAL;C:\Program Files\Git\bin;C:\Program Files\Git\cmd;C:\Users\alhak\AppData\Local\Microsoft\WindowsApps;C:\Users\alhak\AppData\Local\Programs\MiKTeX 2.9\miktex\bin\x64\;C:\Program Files\JetBrains\IntelliJ IDEA Community Edition 2021.3.2\bin;;;."/>
    <property name="maven.conf" value="C:\Program Files\JetBrains\IntelliJ IDEA Community Edition 2021.3.2\plugins\maven\lib\maven3/conf"/>
    <property name="java.specification.name" value="Java Platform API Specification"/>
    <property name="java.class.version" value="52.0"/>
    <property name="sun.management.compiler" value="HotSpot Tiered Compilers"/>
    <property name="os.version" value="10.0"/>
    <property name="user.home" value="C:\Users\alhak"/>
    <property name="user.timezone" value="Europe/Berlin"/>
    <property name="java.awt.printerjob" value="sun.awt.windows.WPrinterJob"/>
    <property name="java.specification.version" value="1.8"/>
    <property name="file.encoding" value="UTF-8"/>
    <property name="user.name" value="alhak"/>
    <property name="java.class.path" value="C:\Program Files\JetBrains\IntelliJ IDEA Community Edition 2021.3.2\plugins\maven\lib\maven3\boot\plexus-classworlds-2.6.0.jar;C:\Program Files\JetBrains\IntelliJ IDEA Community Edition 2021.3.2\plugins\maven\lib\maven3\boot\plexus-classworlds.license;C:\Program Files\JetBrains\IntelliJ IDEA Community Edition 2021.3.2\lib\idea_rt.jar"/>
    <property name="java.vm.specification.version" value="1.8"/>
    <property name="sun.arch.data.model" value="32"/>
    <property name="java.home" value="C:\Program Files (x86)\OpenJDK\jdk-8.0.262.10-hotspot\jre"/>
    <property name="sun.java.command" value="org.codehaus.classworlds.Launcher -Didea.version=2021.3.2 package"/>
    <property name="java.specification.vendor" value="Oracle Corporation"/>
    <property name="user.language" value="de"/>
    <property name="awt.toolkit" value="sun.awt.windows.WToolkit"/>
    <property name="java.vm.info" value="mixed mode"/>
    <property name="java.version" value="1.8.0-262"/>
    <property name="java.ext.dirs" value="C:\Program Files (x86)\OpenJDK\jdk-8.0.262.10-hotspot\jre\lib\ext;C:\WINDOWS\Sun\Java\lib\ext"/>
    <property name="sun.boot.class.path" value="C:\Program Files (x86)\OpenJDK\jdk-8.0.262.10-hotspot\jre\lib\resources.jar;C:\Program Files (x86)\OpenJDK\jdk-8.0.262.10-hotspot\jre\lib\rt.jar;C:\Program Files (x86)\OpenJDK\jdk-8.0.262.10-hotspot\jre\lib\sunrsasign.jar;C:\Program Files (x86)\OpenJDK\jdk-8.0.262.10-hotspot\jre\lib\jsse.jar;C:\Program Files (x86)\OpenJDK\jdk-8.0.262.10-hotspot\jre\lib\jce.jar;C:\Program Files (x86)\OpenJDK\jdk-8.0.262.10-hotspot\jre\lib\charsets.jar;C:\Program Files (x86)\OpenJDK\jdk-8.0.262.10-hotspot\jre\lib\jfr.jar;C:\Program Files (x86)\OpenJDK\jdk-8.0.262.10-hotspot\jre\classes"/>
    <property name="java.vendor" value="OpenLogic-OpenJDK"/>
    <property name="maven.home" value="C:\Program Files\JetBrains\IntelliJ IDEA Community Edition 2021.3.2\plugins\maven\lib\maven3"/>
    <property name="file.separator" value="\"/>
    <property name="java.vendor.url.bug" value="http://bugreport.sun.com/bugreport/"/>
    <property name="sun.cpu.endian" value="little"/>
    <property name="sun.io.unicode.encoding" value="UnicodeLittle"/>
    <property name="sun.desktop" value="windows"/>
    <property name="sun.cpu.isalist" value="pentium_pro+mmx pentium_pro pentium+mmx pentium i486 i386 i86"/>
  </properties>
  <testcase classname="de.tud.cib.bimsage.icdd.configuration.ICDDBuilderTest" name="testBuild" time="0"/>
</testsuite>